[18:25:10] [main/INFO]: Building optimized datafixer
[18:25:15] [Render thread/INFO]: Environment: authHost='https://authserver.mojang.com', accountsHost='https://api.mojang.com', sessionHost='https://sessionserver.mojang.com', servicesHost='https://api.minecraftservices.com', name='PROD'
[18:25:16] [Render thread/INFO]: Setting user: Arenia_
[18:25:16] [Render thread/INFO]: Backend library: LWJGL version 3.3.1 build 7
[18:25:17] [Render thread/WARN]: Removed resource pack fabric from options because it doesn't seem to exist anymore
[18:25:18] [Render thread/INFO]: Narrator library for x64 successfully loaded
[18:25:18] [Render thread/INFO]: Reloading ResourceManager: Default
[18:25:26] [Render thread/WARN]: Missing sound for event: minecraft:item.goat_horn.play
[18:25:26] [Render thread/WARN]: Missing sound for event: minecraft:entity.goat.screaming.horn_break
[18:25:26] [Render thread/INFO]: OpenAL initialized on device OpenAL Soft on 스피커(4- COX SCARLET)
[18:25:26] [Render thread/INFO]: Sound engine started
[18:25:27] [Render thread/INFO]: Created: 1024x1024x4 minecraft:textures/atlas/blocks.png-atlas
[18:25:27] [Render thread/INFO]: Created: 256x128x4 minecraft:textures/atlas/signs.png-atlas
[18:25:27] [Render thread/INFO]: Created: 1024x512x4 minecraft:textures/atlas/banner_patterns.png-atlas
[18:25:27] [Render thread/INFO]: Created: 1024x512x4 minecraft:textures/atlas/shield_patterns.png-atlas
[18:25:27] [Render thread/INFO]: Created: 256x256x4 minecraft:textures/atlas/chest.png-atlas
[18:25:27] [Render thread/INFO]: Created: 512x256x4 minecraft:textures/atlas/beds.png-atlas
[18:25:27] [Render thread/INFO]: Created: 512x256x4 minecraft:textures/atlas/shulker_boxes.png-atlas
[18:25:28] [Render thread/WARN]: Shader rendertype_entity_translucent_emissive could not find sampler named Sampler2 in the specified shader program.
[18:25:28] [Render thread/INFO]: Created: 512x256x0 minecraft:textures/atlas/particles.png-atlas
[18:25:28] [Render thread/INFO]: Created: 256x256x0 minecraft:textures/atlas/paintings.png-atlas
[18:25:28] [Render thread/INFO]: Created: 256x128x0 minecraft:textures/atlas/mob_effects.png-atlas
[18:26:01] [Render thread/INFO]: Loaded 7 recipes
[18:26:02] [Render thread/INFO]: Loaded 1179 advancements
[18:26:39] [Worker-Bootstrap-7/INFO]: 4283 Datafixer optimizations took 89280 milliseconds
[18:26:47] [Render thread/INFO]: Loaded 7 recipes
[18:26:47] [Render thread/INFO]: Loaded 1179 advancements
[18:26:59] [Server thread/INFO]: Starting integrated minecraft server version 1.19.2
[18:26:59] [Server thread/INFO]: Generating keypair
[18:27:25] [Server thread/INFO]: Preparing start region for dimension minecraft:overworld
[18:27:26] [Render thread/INFO]: 스폰 영역 준비 중: 0%
[18:27:26] [Render thread/INFO]: 스폰 영역 준비 중: 0%
[18:27:26] [Render thread/INFO]: 스폰 영역 준비 중: 0%
[18:27:26] [Render thread/INFO]: 스폰 영역 준비 중: 0%
[18:27:27] [Render thread/INFO]: 스폰 영역 준비 중: 0%
[18:27:27] [Render thread/INFO]: 스폰 영역 준비 중: 0%
[18:27:28] [Render thread/INFO]: 스폰 영역 준비 중: 0%
[18:27:28] [Render thread/INFO]: 스폰 영역 준비 중: 0%
[18:27:29] [Render thread/INFO]: 스폰 영역 준비 중: 0%
[18:27:29] [Render thread/INFO]: 스폰 영역 준비 중: 0%
[18:27:30] [Render thread/INFO]: 스폰 영역 준비 중: 1%
[18:27:30] [Render thread/INFO]: 스폰 영역 준비 중: 1%
[18:27:31] [Render thread/INFO]: 스폰 영역 준비 중: 1%
[18:27:31] [Render thread/INFO]: 스폰 영역 준비 중: 2%
[18:27:32] [Render thread/INFO]: 스폰 영역 준비 중: 2%
[18:27:32] [Render thread/INFO]: 스폰 영역 준비 중: 3%
[18:27:33] [Render thread/INFO]: 스폰 영역 준비 중: 4%
[18:27:33] [Render thread/INFO]: 스폰 영역 준비 중: 4%
[18:27:34] [Render thread/INFO]: 스폰 영역 준비 중: 5%
[18:27:34] [Render thread/INFO]: 스폰 영역 준비 중: 5%
[18:27:35] [Render thread/INFO]: 스폰 영역 준비 중: 6%
[18:27:35] [Render thread/INFO]: 스폰 영역 준비 중: 7%
[18:27:36] [Render thread/INFO]: 스폰 영역 준비 중: 8%
[18:27:36] [Render thread/INFO]: 스폰 영역 준비 중: 9%
[18:27:39] [Render thread/INFO]: 스폰 영역 준비 중: 9%
[18:27:39] [Render thread/INFO]: 스폰 영역 준비 중: 9%
[18:27:39] [Render thread/INFO]: 스폰 영역 준비 중: 9%
[18:27:39] [Render thread/INFO]: 스폰 영역 준비 중: 9%
[18:27:39] [Render thread/INFO]: 스폰 영역 준비 중: 9%
[18:27:39] [Render thread/INFO]: 스폰 영역 준비 중: 10%
[18:27:40] [Render thread/INFO]: 스폰 영역 준비 중: 11%
[18:27:40] [Render thread/INFO]: 스폰 영역 준비 중: 13%
[18:27:41] [Render thread/INFO]: 스폰 영역 준비 중: 15%
[18:27:41] [Render thread/INFO]: 스폰 영역 준비 중: 15%
[18:27:42] [Render thread/INFO]: 스폰 영역 준비 중: 16%
[18:27:42] [Render thread/INFO]: 스폰 영역 준비 중: 16%
[18:27:43] [Render thread/INFO]: 스폰 영역 준비 중: 18%
[18:27:43] [Render thread/INFO]: 스폰 영역 준비 중: 19%
[18:27:44] [Render thread/INFO]: 스폰 영역 준비 중: 21%
[18:27:44] [Render thread/INFO]: 스폰 영역 준비 중: 22%
[18:27:45] [Render thread/INFO]: 스폰 영역 준비 중: 23%
[18:27:45] [Render thread/INFO]: 스폰 영역 준비 중: 25%
[18:27:46] [Render thread/INFO]: 스폰 영역 준비 중: 26%
[18:27:46] [Render thread/INFO]: 스폰 영역 준비 중: 27%
[18:27:47] [Render thread/INFO]: 스폰 영역 준비 중: 29%
[18:27:47] [Render thread/INFO]: 스폰 영역 준비 중: 31%
[18:27:48] [Render thread/INFO]: 스폰 영역 준비 중: 32%
[18:27:48] [Render thread/INFO]: 스폰 영역 준비 중: 33%
[18:27:49] [Render thread/INFO]: 스폰 영역 준비 중: 35%
[18:27:49] [Render thread/INFO]: 스폰 영역 준비 중: 35%
[18:27:50] [Render thread/INFO]: 스폰 영역 준비 중: 37%
[18:27:50] [Render thread/INFO]: 스폰 영역 준비 중: 39%
[18:27:51] [Render thread/INFO]: 스폰 영역 준비 중: 41%
[18:27:51] [Render thread/INFO]: 스폰 영역 준비 중: 42%
[18:27:52] [Render thread/INFO]: 스폰 영역 준비 중: 44%
[18:27:52] [Render thread/INFO]: 스폰 영역 준비 중: 45%
[18:27:53] [Render thread/INFO]: 스폰 영역 준비 중: 47%
[18:27:53] [Render thread/INFO]: 스폰 영역 준비 중: 48%
[18:27:54] [Render thread/INFO]: 스폰 영역 준비 중: 50%
[18:27:54] [Render thread/INFO]: 스폰 영역 준비 중: 52%
[18:27:55] [Render thread/INFO]: 스폰 영역 준비 중: 54%
[18:27:55] [Render thread/INFO]: 스폰 영역 준비 중: 55%
[18:27:56] [Render thread/INFO]: 스폰 영역 준비 중: 57%
[18:27:56] [Render thread/INFO]: 스폰 영역 준비 중: 58%
[18:27:57] [Render thread/INFO]: 스폰 영역 준비 중: 61%
[18:27:57] [Render thread/INFO]: 스폰 영역 준비 중: 62%
[18:27:58] [Render thread/INFO]: 스폰 영역 준비 중: 63%
[18:27:58] [Render thread/INFO]: 스폰 영역 준비 중: 66%
[18:27:59] [Render thread/INFO]: 스폰 영역 준비 중: 68%
[18:27:59] [Render thread/INFO]: 스폰 영역 준비 중: 68%
[18:28:00] [Render thread/INFO]: 스폰 영역 준비 중: 70%
[18:28:00] [Render thread/INFO]: 스폰 영역 준비 중: 72%
[18:28:01] [Render thread/INFO]: 스폰 영역 준비 중: 74%
[18:28:01] [Render thread/INFO]: 스폰 영역 준비 중: 75%
[18:28:02] [Render thread/INFO]: 스폰 영역 준비 중: 77%
[18:28:02] [Render thread/INFO]: 스폰 영역 준비 중: 79%
[18:28:03] [Render thread/INFO]: 스폰 영역 준비 중: 81%
[18:28:03] [Render thread/INFO]: 스폰 영역 준비 중: 83%
[18:28:04] [Render thread/INFO]: 스폰 영역 준비 중: 84%
[18:28:04] [Render thread/INFO]: 스폰 영역 준비 중: 85%
[18:28:05] [Render thread/INFO]: 스폰 영역 준비 중: 87%
[18:28:05] [Render thread/INFO]: 스폰 영역 준비 중: 89%
[18:28:06] [Render thread/INFO]: 스폰 영역 준비 중: 91%
[18:28:06] [Render thread/INFO]: 스폰 영역 준비 중: 93%
[18:28:07] [Render thread/INFO]: 스폰 영역 준비 중: 94%
[18:28:07] [Render thread/INFO]: 스폰 영역 준비 중: 96%
[18:28:08] [Render thread/INFO]: 스폰 영역 준비 중: 99%
[18:28:08] [Render thread/INFO]: Time elapsed: 43090 ms
[18:28:08] [Server thread/INFO]: Changing view distance to 15, from 10
[18:28:08] [Server thread/INFO]: Changing simulation distance to 12, from 0
[18:28:08] [Server thread/INFO]: Arenia_[local:E:fadc9edd] logged in with entity id 239 at (10.5, 68.0, -3.5)
[18:28:09] [Server thread/INFO]: Arenia_이(가) 게임에 참여했습니다
[18:28:11] [Render thread/INFO]: Loaded 0 advancements
[18:28:12] [Server thread/INFO]: Saving and pausing game...
[18:28:13] [Server thread/INFO]: Saving chunks for level 'ServerLevel[just world]'/minecraft:overworld
[18:28:13] [Server thread/INFO]: Saving chunks for level 'ServerLevel[just world]'/minecraft:the_nether
[18:28:13] [Server thread/INFO]: Saving chunks for level 'ServerLevel[just world]'/minecraft:the_end
[18:28:26] [Server thread/INFO]: Saving and pausing game...
[18:28:26] [Server thread/INFO]: Saving chunks for level 'ServerLevel[just world]'/minecraft:overworld
[18:28:26] [Server thread/INFO]: Saving chunks for level 'ServerLevel[just world]'/minecraft:the_nether
[18:28:26] [Server thread/INFO]: Saving chunks for level 'ServerLevel[just world]'/minecraft:the_end
[18:28:50] [Server thread/INFO]: Saving and pausing game...
[18:28:50] [Server thread/INFO]: Saving chunks for level 'ServerLevel[just world]'/minecraft:overworld
[18:28:50] [Server thread/INFO]: Saving chunks for level 'ServerLevel[just world]'/minecraft:the_nether
[18:28:50] [Server thread/INFO]: Saving chunks for level 'ServerLevel[just world]'/minecraft:the_end
[18:43:06] [Render thread/INFO]: Loaded 23 advancements
[18:43:07] [Render thread/INFO]: Loaded 27 advancements
[18:43:10] [Render thread/INFO]: Loaded 27 advancements
[18:43:15] [Render thread/INFO]: Loaded 27 advancements
[18:43:19] [Render thread/INFO]: Loaded 27 advancements
[18:43:21] [Server thread/INFO]: Saving and pausing game...
[18:43:21] [Server thread/INFO]: Saving chunks for level 'ServerLevel[just world]'/minecraft:overworld
[18:43:21] [Server thread/INFO]: Saving chunks for level 'ServerLevel[just world]'/minecraft:the_nether
[18:43:21] [Server thread/INFO]: Saving chunks for level 'ServerLevel[just world]'/minecraft:the_end
[18:43:54] [Server thread/INFO]: Saving and pausing game...
[18:43:54] [Server thread/INFO]: Saving chunks for level 'ServerLevel[just world]'/minecraft:overworld
[18:43:54] [Server thread/INFO]: Saving chunks for level 'ServerLevel[just world]'/minecraft:the_nether
[18:43:54] [Server thread/INFO]: Saving chunks for level 'ServerLevel[just world]'/minecraft:the_end
[18:46:25] [Render thread/INFO]: Loaded 27 advancements
[18:46:37] [Render thread/INFO]: Loaded 27 advancements
[18:47:41] [Server thread/INFO]: Saving and pausing game...
[18:47:41] [Server thread/INFO]: Saving chunks for level 'ServerLevel[just world]'/minecraft:overworld
[18:47:41] [Server thread/INFO]: Saving chunks for level 'ServerLevel[just world]'/minecraft:the_nether
[18:47:41] [Server thread/INFO]: Saving chunks for level 'ServerLevel[just world]'/minecraft:the_end
[18:48:06] [Server thread/INFO]: Saving and pausing game...
[18:48:06] [Server thread/INFO]: Saving chunks for level 'ServerLevel[just world]'/minecraft:overworld
[18:48:06] [Server thread/INFO]: Saving chunks for level 'ServerLevel[just world]'/minecraft:the_nether
[18:48:06] [Server thread/INFO]: Saving chunks for level 'ServerLevel[just world]'/minecraft:the_end
[18:48:30] [Server thread/INFO]: Saving and pausing game...
[18:48:30] [Server thread/INFO]: Saving chunks for level 'ServerLevel[just world]'/minecraft:overworld
[18:48:31] [Server thread/INFO]: Saving chunks for level 'ServerLevel[just world]'/minecraft:the_nether
[18:48:31] [Server thread/INFO]: Saving chunks for level 'ServerLevel[just world]'/minecraft:the_end
[18:49:35] [Server thread/INFO]: Arenia_ lost connection: 연결 끊김
[18:49:35] [Server thread/INFO]: Arenia_이(가) 게임을 떠났습니다
[18:49:35] [Server thread/INFO]: Stopping singleplayer server as player logged out
[18:49:35] [Server thread/INFO]: Stopping server
[18:49:35] [Server thread/INFO]: Saving players
[18:49:35] [Server thread/INFO]: Saving worlds
[18:49:40] [Server thread/INFO]: Saving chunks for level 'ServerLevel[just world]'/minecraft:overworld
[18:49:40] [Server thread/INFO]: Saving chunks for level 'ServerLevel[just world]'/minecraft:the_nether
[18:49:40] [Server thread/INFO]: Saving chunks for level 'ServerLevel[just world]'/minecraft:the_end
[18:49:40] [Server thread/INFO]: ThreadedAnvilChunkStorage (just world): All chunks are saved
[18:49:40] [Server thread/INFO]: ThreadedAnvilChunkStorage (DIM-1): All chunks are saved
[18:49:40] [Server thread/INFO]: ThreadedAnvilChunkStorage (DIM1): All chunks are saved
[18:49:40] [Server thread/INFO]: ThreadedAnvilChunkStorage: All dimensions are saved
[20:01:02] [Render thread/INFO]: Stopping!
